<?xml version='1.0' encoding='UTF-8'?>
<testsuite hostname="Jeremys-MacBook-Pro" name="com.blackfynn.notifications.api.TestNotificationFlows" tests="1" errors="1" failures="0" skipped="0" time="0.002" timestamp="2021-04-13T09:05:05">
                     <properties>
      <property name="awt.toolkit" value="sun.lwawt.macosx.LWCToolkit"/><property name="java.specification.version" value="11"/><property name="sun.cpu.isalist" value=""/><property name="sun.jnu.encoding" value="UTF-8"/><property name="sun.arch.data.model" value="64"/><property name="java.vendor.url" value="http://java.oracle.com/"/><property name="sun.boot.library.path" value="/Library/Java/JavaVirtualMachines/jdk-11.0.1.jdk/Contents/Home/lib"/><property name="sun.java.command" value="/usr/local/Cellar/sbt/1.2.6/libexec/bin/sbt-launch.jar"/><property name="jdk.debug" value="release"/><property name="java.specification.vendor" value="Oracle Corporation"/><property name="java.version.date" value="2018-10-16"/><property name="java.home" value="/Library/Java/JavaVirtualMachines/jdk-11.0.1.jdk/Contents/Home"/><property name="file.separator" value="/"/><property name="java.vm.compressedOopsMode" value="Zero based"/><property name="line.separator" value="
"/><property name="java.specification.name" value="Java Platform API Specification"/><property name="java.vm.specification.vendor" value="Oracle Corporation"/><property name="sun.management.compiler" value="HotSpot 64-Bit Tiered Compilers"/><property name="java.runtime.version" value="11.0.1+13-LTS"/><property name="user.name" value="jlecoeur"/><property name="log4j.ignoreTCL" value="true"/><property name="file.encoding" value="UTF-8"/><property name="jnidispatch.path" value="/Users/jlecoeur/Library/Caches/JNA/temp/jna17109735435487189951.tmp"/><property name="java.vendor.version" value="18.9"/><property name="jna.loaded" value="true"/><property name="java.io.tmpdir" value="/var/folders/24/tz33hmx56x92bwhfh5fwq7jw0000gn/T/"/><property name="java.version" value="11.0.1"/><property name="java.vm.specification.name" value="Java Virtual Machine Specification"/><property name="java.awt.printerjob" value="sun.lwawt.macosx.CPrinterJob"/><property name="sun.os.patch.level" value="unknown"/><property name="java.library.path" value="/Users/jlecoeur/Library/Java/Extensions:/Library/Java/Extensions:/Network/Library/Java/Extensions:/System/Library/Java/Extensions:/usr/lib/java:."/><property name="java.vendor" value="Oracle Corporation"/><property name="scala.ext.dirs" value="/Users/jlecoeur/.sbt/0.13/java9-rt-ext-oracle_corporation_11_0_1"/><property name="sun.io.unicode.encoding" value="UnicodeBig"/><property name="socksNonProxyHosts" value="local|*.local|169.254/16|*.169.254/16"/><property name="gopherProxySet" value="false"/><property name="java.class.path" value="/usr/local/Cellar/sbt/1.2.6/libexec/bin/sbt-launch.jar"/><property name="java.vm.vendor" value="Oracle Corporation"/><property name="jline.shutdownhook" value="false"/><property name="user.timezone" value="America/New_York"/><property name="os.name" value="Mac OS X"/><property name="java.vm.specification.version" value="11"/><property name="sun.java.launcher" value="SUN_STANDARD"/><property name="user.country" value="US"/><property name="http.nonProxyHosts" value="local|*.local|169.254/16|*.169.254/16"/><property name="sun.cpu.endian" value="little"/><property name="user.home" value="/Users/jlecoeur"/><property name="user.language" value="en"/><property name="swoval.tmpdir" value="/Users/jlecoeur/.sbt/1.0"/><property name="java.awt.graphicsenv" value="sun.awt.CGraphicsEnvironment"/><property name="jline.esc.timeout" value="0"/><property name="ftp.nonProxyHosts" value="local|*.local|169.254/16|*.169.254/16"/><property name="path.separator" value=":"/><property name="os.version" value="10.16"/><property name="jna.nosys" value="true"/><property name="java.runtime.name" value="Java(TM) SE Runtime Environment"/><property name="java.vm.name" value="Java HotSpot(TM) 64-Bit Server VM"/><property name="jna.platform.library.path" value="/usr/lib:/usr/lib"/><property name="java.vendor.url.bug" value="http://bugreport.java.com/bugreport/"/><property name="user.dir" value="/Users/jlecoeur/projects/notifications-service"/><property name="os.arch" value="x86_64"/><property name="java.vm.info" value="mixed mode"/><property name="java.vm.version" value="11.0.1+13-LTS"/><property name="java.class.version" value="55.0"/>
    </properties>
                     <testcase classname="com.blackfynn.notifications.api.TestNotificationFlows" name="(It is not a test it is a sbt.testing.SuiteSelector)" time="0.002">
                                                 <error message="java.lang.IllegalStateException: Could not connect to Ryuk at localhost:55000" type="sbt.ForkMain$ForkError">sbt.ForkMain$ForkError: java.lang.IllegalStateException: Could not connect to Ryuk at localhost:55000
	at org.testcontainers.utility.ResourceReaper.start(ResourceReaper.java:198)
	at org.testcontainers.DockerClientFactory.client(DockerClientFactory.java:205)
	at org.testcontainers.LazyDockerClient.getDockerClient(LazyDockerClient.java:14)
	at org.testcontainers.LazyDockerClient.authConfig(LazyDockerClient.java:12)
	at org.testcontainers.containers.GenericContainer.start(GenericContainer.java:310)
	at com.dimafeng.testcontainers.SingleContainer.start(Container.scala:46)
	at com.dimafeng.testcontainers.LazyContainer.start(MultipleContainers.scala:97)
	at com.dimafeng.testcontainers.MultipleContainers.$anonfun$start$1(MultipleContainers.scala:31)
	at com.dimafeng.testcontainers.MultipleContainers.$anonfun$start$1$adapted(MultipleContainers.scala:31)
	at scala.collection.immutable.List.foreach(List.scala:392)
	at com.dimafeng.testcontainers.MultipleContainers.start(MultipleContainers.scala:31)
	at com.pennsieve.test.PersistantTestContainers.run(PersistantTestContainers.scala:48)
	at com.pennsieve.test.PersistantTestContainers.run$(PersistantTestContainers.scala:44)
	at com.blackfynn.notifications.api.TestRedisPubSub.run(TestRedisPubSub.scala:23)
	at org.scalatest.tools.Framework.org$scalatest$tools$Framework$$runSuite(Framework.scala:314)
	at org.scalatest.tools.Framework$ScalaTestTask.execute(Framework.scala:507)
	at sbt.ForkMain$Run.lambda$runTest$1(ForkMain.java:413)
	at java.base/java.util.concurrent.FutureTask.run(FutureTask.java:264)
	at java.base/java.util.concurrent.ThreadPoolExecutor.runWorker(ThreadPoolExecutor.java:1128)
	at java.base/java.util.concurrent.ThreadPoolExecutor$Worker.run(ThreadPoolExecutor.java:628)
	at java.base/java.lang.Thread.run(Thread.java:834)
</error>
                                               </testcase>
                     <system-out><![CDATA[]]></system-out>
                     <system-err><![CDATA[]]></system-err>
                   </testsuite>